<?xml version="1.0" encoding="UTF-8"?>
<!-- Generated by org.testng.reporters.JUnitXMLReporter -->
<testsuite ignored="0" hostname="Pranali" failures="0" tests="4" name="Test" time="21.735" errors="0" timestamp="22 Aug 2024 07:40:35 GMT">
  <testcase classname="test.ThreeTest" name="threeTest" time="4.87"/>
  <testcase classname="test.OneTest" name="oneTest" time="3.002"/>
  <testcase classname="test.TwoTest" name="twoTest" time="2.859"/>
  <testcase classname="test.Login" name="login" time="6.236"/>
</testsuite> <!-- Test -->
